<?xml version="1.0" encoding="UTF-8"?>
<robot generator="Robot 6.0.2 (Python 3.11.3 on win32)" generated="20230416 00:44:21.799" rpa="false" schemaversion="3">
<suite id="s1" name="SeusInvestimentos" source="c:\Desafio Técnico AgiBank\WebTestingBlogAgiBank\Cenários de Teste\SeusInvestimentos\SeusInvestimentos.robot">
<test id="s1-t1" name="Garantir que o usuário consegue acessar a opção &quot;Seus Investimentos&quot;, visualizando todas as postagens referentes a produto" line="6">
<kw name="Dado que estou acessando o BlogAgibank, visualizando todos os elementos na interface" library="ResourcesRobot">
<kw name="Dado que estou acessando o BlogAgiBank" library="ResourcesRobot">
<kw name="Abrir Navegador" library="ResourcesRobot">
<kw name="Open Browser" library="SeleniumLibrary">
<arg>browser=chrome</arg>
<doc>Opens a new browser instance to the optional ``url``.</doc>
<msg timestamp="20230416 00:44:22.022" level="INFO">Opening browser 'chrome' to base url 'None'.</msg>
<status status="PASS" starttime="20230416 00:44:22.022" endtime="20230416 00:44:23.106"/>
</kw>
<kw name="Maximize Browser Window" library="SeleniumLibrary">
<doc>Maximizes current browser window.</doc>
<status status="PASS" starttime="20230416 00:44:23.106" endtime="20230416 00:44:23.233"/>
</kw>
<status status="PASS" starttime="20230416 00:44:22.022" endtime="20230416 00:44:23.233"/>
</kw>
<kw name="Acessar a home page do site blogdoagi" library="ResourcesRobot">
<kw name="Go To" library="SeleniumLibrary">
<arg>url=${URL}</arg>
<doc>Navigates the current browser window to the provided ``url``.</doc>
<msg timestamp="20230416 00:44:23.234" level="INFO">Opening url 'https://blogdoagi.com.br/'</msg>
<status status="PASS" starttime="20230416 00:44:23.234" endtime="20230416 00:44:24.853"/>
</kw>
<status status="PASS" starttime="20230416 00:44:23.233" endtime="20230416 00:44:24.853"/>
</kw>
<status status="PASS" starttime="20230416 00:44:22.022" endtime="20230416 00:44:24.854"/>
</kw>
<kw name="Então devo conseguir visualizar todos os elementos presentes em tela" library="ResourcesRobot">
<kw name="Visualizar menu superior" library="ResourcesRobot">
<kw name="Wait Until Element Is Visible" library="SeleniumLibrary">
<arg>${Lupa}</arg>
<doc>Waits until the element ``locator`` is visible.</doc>
<status status="PASS" starttime="20230416 00:44:24.855" endtime="20230416 00:44:24.900"/>
</kw>
<kw name="Wait Until Element Is Visible" library="SeleniumLibrary">
<arg>css=div[id='site-branding'] &gt; div</arg>
<doc>Waits until the element ``locator`` is visible.</doc>
<status status="PASS" starttime="20230416 00:44:24.901" endtime="20230416 00:44:24.920"/>
</kw>
<kw name="Wait Until Element Is Visible" library="SeleniumLibrary">
<arg>${LogoTipo_AgiBank}</arg>
<doc>Waits until the element ``locator`` is visible.</doc>
<status status="PASS" starttime="20230416 00:44:24.921" endtime="20230416 00:44:24.939"/>
</kw>
<status status="PASS" starttime="20230416 00:44:24.855" endtime="20230416 00:44:24.939"/>
</kw>
<kw name="Visualizar as opções: &quot;INSTITUCIONAL&quot;, &quot;PRODUTOS&quot;, &quot;SERVIÇOS&quot;, &quot;SUAS FINANÇAS&quot;, &quot;SUA SEGURANÇA&quot;, &quot;SUA CARREIRA&quot;, &quot;INSCREVA-SE NO NOSSO CANAL&quot;, &quot;SEUS INVESTIMENTOS&quot;" library="ResourcesRobot">
<kw name="Wait Until Element Is Visible" library="SeleniumLibrary">
<arg>${Institucional}</arg>
<doc>Waits until the element ``locator`` is visible.</doc>
<status status="PASS" starttime="20230416 00:44:24.939" endtime="20230416 00:44:24.958"/>
</kw>
<kw name="Wait Until Element Is Visible" library="SeleniumLibrary">
<arg>${Produtos}</arg>
<doc>Waits until the element ``locator`` is visible.</doc>
<status status="PASS" starttime="20230416 00:44:24.958" endtime="20230416 00:44:24.975"/>
</kw>
<kw name="Wait Until Element Is Visible" library="SeleniumLibrary">
<arg>${Serviços}</arg>
<doc>Waits until the element ``locator`` is visible.</doc>
<status status="PASS" starttime="20230416 00:44:24.975" endtime="20230416 00:44:24.994"/>
</kw>
<kw name="Wait Until Element Is Visible" library="SeleniumLibrary">
<arg>${Finanças}</arg>
<doc>Waits until the element ``locator`` is visible.</doc>
<status status="PASS" starttime="20230416 00:44:24.994" endtime="20230416 00:44:25.012"/>
</kw>
<kw name="Wait Until Element Is Visible" library="SeleniumLibrary">
<arg>${Segurança}</arg>
<doc>Waits until the element ``locator`` is visible.</doc>
<status status="PASS" starttime="20230416 00:44:25.012" endtime="20230416 00:44:25.030"/>
</kw>
<kw name="Wait Until Element Is Visible" library="SeleniumLibrary">
<arg>${Carreira}</arg>
<doc>Waits until the element ``locator`` is visible.</doc>
<status status="PASS" starttime="20230416 00:44:25.030" endtime="20230416 00:44:25.049"/>
</kw>
<kw name="Wait Until Element Is Visible" library="SeleniumLibrary">
<arg>${NossoCanal}</arg>
<doc>Waits until the element ``locator`` is visible.</doc>
<status status="PASS" starttime="20230416 00:44:25.049" endtime="20230416 00:44:25.067"/>
</kw>
<kw name="Wait Until Element Is Visible" library="SeleniumLibrary">
<arg>${Investimentos}</arg>
<doc>Waits until the element ``locator`` is visible.</doc>
<status status="PASS" starttime="20230416 00:44:25.067" endtime="20230416 00:44:25.084"/>
</kw>
<status status="PASS" starttime="20230416 00:44:24.939" endtime="20230416 00:44:25.084"/>
</kw>
<kw name="Visualizar seção principal de conteúdos" library="ResourcesRobot">
<kw name="Wait Until Element Is Visible" library="SeleniumLibrary">
<arg>xpath=/html/body/section[1]</arg>
<doc>Waits until the element ``locator`` is visible.</doc>
<status status="PASS" starttime="20230416 00:44:25.085" endtime="20230416 00:44:25.102"/>
</kw>
<status status="PASS" starttime="20230416 00:44:25.084" endtime="20230416 00:44:25.102"/>
</kw>
<kw name="Visualizar seção de posts recentes" library="ResourcesRobot">
<kw name="Wait Until Element Is Visible" library="SeleniumLibrary">
<arg>xpath=/html/body/div[3]</arg>
<doc>Waits until the element ``locator`` is visible.</doc>
<status status="PASS" starttime="20230416 00:44:25.102" endtime="20230416 00:44:25.120"/>
</kw>
<status status="PASS" starttime="20230416 00:44:25.102" endtime="20230416 00:44:25.120"/>
</kw>
<kw name="Visualizar seção de assinatura por email" library="ResourcesRobot">
<kw name="Wait Until Element Is Visible" library="SeleniumLibrary">
<arg>xpath=//section[@id='blog_subscription-3']</arg>
<doc>Waits until the element ``locator`` is visible.</doc>
<status status="PASS" starttime="20230416 00:44:25.120" endtime="20230416 00:44:25.138"/>
</kw>
<kw name="Wait Until Element Is Visible" library="SeleniumLibrary">
<arg>xpath=(//label[@for='subscribe-field'])[1]</arg>
<doc>Waits until the element ``locator`` is visible.</doc>
<status status="PASS" starttime="20230416 00:44:25.138" endtime="20230416 00:44:25.156"/>
</kw>
<kw name="Wait Until Element Is Visible" library="SeleniumLibrary">
<arg>css=form[id='subscribe-blog'] &gt; p:nth-of-type(1)</arg>
<doc>Waits until the element ``locator`` is visible.</doc>
<status status="PASS" starttime="20230416 00:44:25.156" endtime="20230416 00:44:25.173"/>
</kw>
<kw name="Wait Until Element Is Visible" library="SeleniumLibrary">
<arg>css=button[class*='wp-block-button__link']</arg>
<doc>Waits until the element ``locator`` is visible.</doc>
<status status="PASS" starttime="20230416 00:44:25.173" endtime="20230416 00:44:25.191"/>
</kw>
<status status="PASS" starttime="20230416 00:44:25.120" endtime="20230416 00:44:25.191"/>
</kw>
<status status="PASS" starttime="20230416 00:44:24.854" endtime="20230416 00:44:25.191"/>
</kw>
<status status="PASS" starttime="20230416 00:44:22.021" endtime="20230416 00:44:25.191"/>
</kw>
<kw name="Quando eu clicar na opção &quot;Seus Investimentos&quot;" library="ResourcesRobot">
<kw name="Selecionando a opção &quot;Seus Investimentos&quot;" library="ResourcesRobot">
<kw name="Wait Until Element Is Visible" library="SeleniumLibrary">
<arg>${Investimentos}</arg>
<doc>Waits until the element ``locator`` is visible.</doc>
<status status="PASS" starttime="20230416 00:44:25.192" endtime="20230416 00:44:25.207"/>
</kw>
<kw name="Click Element" library="SeleniumLibrary">
<arg>${Investimentos}</arg>
<doc>Click the element identified by ``locator``.</doc>
<msg timestamp="20230416 00:44:25.208" level="INFO">Clicking element 'xpath=(//a[contains(text(),'Seus investimentos')])[1]'.</msg>
<status status="PASS" starttime="20230416 00:44:25.207" endtime="20230416 00:44:25.940"/>
</kw>
<status status="PASS" starttime="20230416 00:44:25.192" endtime="20230416 00:44:25.941"/>
</kw>
<status status="PASS" starttime="20230416 00:44:25.192" endtime="20230416 00:44:25.941"/>
</kw>
<kw name="Então devo visualizar as postagens contendo a flag &quot;Seus Investimentos&quot;" library="ResourcesRobot">
<kw name="Visualizando posts da categoria Seus Investimentos" library="ResourcesRobot">
<kw name="Wait Until Element Is Visible" library="SeleniumLibrary">
<arg>xpath=(//a[contains(text(),'Seus investimentos')])[3]</arg>
<doc>Waits until the element ``locator`` is visible.</doc>
<status status="PASS" starttime="20230416 00:44:25.943" endtime="20230416 00:44:25.963"/>
</kw>
<kw name="Wait Until Element Is Visible" library="SeleniumLibrary">
<arg>xpath=(//a[contains(text(),'Seus investimentos')])[4]</arg>
<doc>Waits until the element ``locator`` is visible.</doc>
<status status="PASS" starttime="20230416 00:44:25.963" endtime="20230416 00:44:25.981"/>
</kw>
<kw name="Wait Until Element Is Visible" library="SeleniumLibrary">
<arg>xpath=(//a[contains(text(),'Seus investimentos')])[5]</arg>
<doc>Waits until the element ``locator`` is visible.</doc>
<status status="PASS" starttime="20230416 00:44:25.981" endtime="20230416 00:44:25.998"/>
</kw>
<kw name="Wait Until Element Is Visible" library="SeleniumLibrary">
<arg>xpath=(//a[contains(text(),'Seus investimentos')])[6]</arg>
<doc>Waits until the element ``locator`` is visible.</doc>
<status status="PASS" starttime="20230416 00:44:25.998" endtime="20230416 00:44:26.017"/>
</kw>
<kw name="Wait Until Element Is Visible" library="SeleniumLibrary">
<arg>xpath=(//a[contains(text(),'Seus investimentos')])[7]</arg>
<doc>Waits until the element ``locator`` is visible.</doc>
<status status="PASS" starttime="20230416 00:44:26.017" endtime="20230416 00:44:26.036"/>
</kw>
<kw name="Wait Until Element Is Visible" library="SeleniumLibrary">
<arg>xpath=(//a[contains(text(),'Seus investimentos')])[8]</arg>
<doc>Waits until the element ``locator`` is visible.</doc>
<status status="PASS" starttime="20230416 00:44:26.036" endtime="20230416 00:44:26.054"/>
</kw>
<kw name="Wait Until Element Is Visible" library="SeleniumLibrary">
<arg>xpath=(//a[contains(text(),'Seus investimentos')])[9]</arg>
<doc>Waits until the element ``locator`` is visible.</doc>
<status status="PASS" starttime="20230416 00:44:26.054" endtime="20230416 00:44:26.072"/>
</kw>
<kw name="Wait Until Element Is Visible" library="SeleniumLibrary">
<arg>xpath=(//a[contains(text(),'Seus investimentos')])[10]</arg>
<doc>Waits until the element ``locator`` is visible.</doc>
<status status="PASS" starttime="20230416 00:44:26.072" endtime="20230416 00:44:26.090"/>
</kw>
<kw name="Wait Until Element Is Visible" library="SeleniumLibrary">
<arg>xpath=(//a[contains(text(),'Seus investimentos')])[11]</arg>
<doc>Waits until the element ``locator`` is visible.</doc>
<status status="PASS" starttime="20230416 00:44:26.090" endtime="20230416 00:44:26.109"/>
</kw>
<kw name="Wait Until Element Is Visible" library="SeleniumLibrary">
<arg>xpath=(//a[contains(text(),'Seus investimentos')])[12]</arg>
<doc>Waits until the element ``locator`` is visible.</doc>
<status status="PASS" starttime="20230416 00:44:26.110" endtime="20230416 00:44:26.127"/>
</kw>
<status status="PASS" starttime="20230416 00:44:25.943" endtime="20230416 00:44:26.127"/>
</kw>
<kw name="Visualizar seção de assinatura por email" library="ResourcesRobot">
<kw name="Wait Until Element Is Visible" library="SeleniumLibrary">
<arg>xpath=//section[@id='blog_subscription-3']</arg>
<doc>Waits until the element ``locator`` is visible.</doc>
<status status="PASS" starttime="20230416 00:44:26.128" endtime="20230416 00:44:26.141"/>
</kw>
<kw name="Wait Until Element Is Visible" library="SeleniumLibrary">
<arg>xpath=(//label[@for='subscribe-field'])[1]</arg>
<doc>Waits until the element ``locator`` is visible.</doc>
<status status="PASS" starttime="20230416 00:44:26.142" endtime="20230416 00:44:26.157"/>
</kw>
<kw name="Wait Until Element Is Visible" library="SeleniumLibrary">
<arg>css=form[id='subscribe-blog'] &gt; p:nth-of-type(1)</arg>
<doc>Waits until the element ``locator`` is visible.</doc>
<status status="PASS" starttime="20230416 00:44:26.157" endtime="20230416 00:44:26.171"/>
</kw>
<kw name="Wait Until Element Is Visible" library="SeleniumLibrary">
<arg>css=button[class*='wp-block-button__link']</arg>
<doc>Waits until the element ``locator`` is visible.</doc>
<status status="PASS" starttime="20230416 00:44:26.171" endtime="20230416 00:44:26.186"/>
</kw>
<status status="PASS" starttime="20230416 00:44:26.127" endtime="20230416 00:44:26.186"/>
</kw>
<status status="PASS" starttime="20230416 00:44:25.942" endtime="20230416 00:44:26.186"/>
</kw>
<status status="PASS" starttime="20230416 00:44:22.021" endtime="20230416 00:44:26.187"/>
</test>
<status status="PASS" starttime="20230416 00:44:21.803" endtime="20230416 00:44:26.188"/>
</suite>
<statistics>
<total>
<stat pass="1" fail="0" skip="0">All Tests</stat>
</total>
<tag>
</tag>
<suite>
<stat pass="1" fail="0" skip="0" id="s1" name="SeusInvestimentos">SeusInvestimentos</stat>
</suite>
</statistics>
<errors>
<msg timestamp="20230416 00:44:21.833" level="ERROR">Error in file 'c:\Desafio Técnico AgiBank\WebTestingBlogAgiBank\Resources\ResourcesRobot\ResourcesRobot.robot' on line 4: Setting 'Test Setup' is not allowed in resource file.</msg>
<msg timestamp="20230416 00:44:21.835" level="ERROR">Error in file 'c:\Desafio Técnico AgiBank\WebTestingBlogAgiBank\Resources\ResourcesRobot\ResourcesRobot.robot' on line 5: Setting 'Test Teardown' is not allowed in resource file.</msg>
</errors>
</robot>
